0 info it worked if it ends with ok
1 verbose cli [ '/Users/baidu/.nvm/versions/node/v6.9.1/bin/node',
1 verbose cli   '/Users/baidu/.nvm/versions/node/v6.9.1/bin/npm',
1 verbose cli   'run',
1 verbose cli   'dev' ]
2 info using npm@3.10.8
3 info using node@v6.9.1
4 verbose run-script [ 'predev', 'dev', 'postdev' ]
5 info lifecycle moka-theme-toy@1.0.0~predev: moka-theme-toy@1.0.0
6 silly lifecycle moka-theme-toy@1.0.0~predev: no script for predev, continuing
7 info lifecycle moka-theme-toy@1.0.0~dev: moka-theme-toy@1.0.0
8 verbose lifecycle moka-theme-toy@1.0.0~dev: unsafe-perm in lifecycle true
9 verbose lifecycle moka-theme-toy@1.0.0~dev: PATH: /Users/baidu/.nvm/versions/node/v6.9.1/lib/node_modules/npm/bin/node-gyp-bin:/Users/baidu/WebstormProjects/funny-something/moka-theme-toy/node_modules/.bin:/Users/baidu/.nvm/versions/node/v6.9.1/bin:/usr/local/bin:/usr/bin:/bin:/usr/sbin:/sbin:/opt/X11/bin:/Users/baidu/Library/Android/sdk/tools:/Users/baidu/Library/Android/sdk/platform-tools
10 verbose lifecycle moka-theme-toy@1.0.0~dev: CWD: /Users/baidu/WebstormProjects/funny-something/moka-theme-toy
11 silly lifecycle moka-theme-toy@1.0.0~dev: Args: [ '-c',
11 silly lifecycle   'open http://localhost:8082/webpack-dev-server/ && node index.js' ]
12 silly lifecycle moka-theme-toy@1.0.0~dev: Returned: code: 143  signal: null
13 info lifecycle moka-theme-toy@1.0.0~dev: Failed to exec dev script
14 verbose stack Error: moka-theme-toy@1.0.0 dev: `open http://localhost:8082/webpack-dev-server/ && node index.js`
14 verbose stack Exit status 143
14 verbose stack     at EventEmitter.<anonymous> (/Users/baidu/.nvm/versions/node/v6.9.1/lib/node_modules/npm/lib/utils/lifecycle.js:255:16)
14 verbose stack     at emitTwo (events.js:106:13)
14 verbose stack     at EventEmitter.emit (events.js:191:7)
14 verbose stack     at ChildProcess.<anonymous> (/Users/baidu/.nvm/versions/node/v6.9.1/lib/node_modules/npm/lib/utils/spawn.js:40:14)
14 verbose stack     at emitTwo (events.js:106:13)
14 verbose stack     at ChildProcess.emit (events.js:191:7)
14 verbose stack     at maybeClose (internal/child_process.js:877:16)
14 verbose stack     at Process.ChildProcess._handle.onexit (internal/child_process.js:226:5)
15 verbose pkgid moka-theme-toy@1.0.0
16 verbose cwd /Users/baidu/WebstormProjects/funny-something/moka-theme-toy
17 error Darwin 15.6.0
18 error argv "/Users/baidu/.nvm/versions/node/v6.9.1/bin/node" "/Users/baidu/.nvm/versions/node/v6.9.1/bin/npm" "run" "dev"
19 error node v6.9.1
20 error npm  v3.10.8
21 error code ELIFECYCLE
22 error moka-theme-toy@1.0.0 dev: `open http://localhost:8082/webpack-dev-server/ && node index.js`
22 error Exit status 143
23 error Failed at the moka-theme-toy@1.0.0 dev script 'open http://localhost:8082/webpack-dev-server/ && node index.js'.
23 error Make sure you have the latest version of node.js and npm installed.
23 error If you do, this is most likely a problem with the moka-theme-toy package,
23 error not with npm itself.
23 error Tell the author that this fails on your system:
23 error     open http://localhost:8082/webpack-dev-server/ && node index.js
23 error You can get information on how to open an issue for this project with:
23 error     npm bugs moka-theme-toy
23 error Or if that isn't available, you can get their info via:
23 error     npm owner ls moka-theme-toy
23 error There is likely additional logging output above.
24 verbose exit [ 1, true ]
